2021-11-17 21:03:24,805 - basicLogger - INFO - Connecting to Kafka...Attempt #$0
2021-11-17 21:03:25,333 - basicLogger - INFO - Connecting to Kafka...Attempt #$0
2021-11-17 21:03:25,774 - basicLogger - INFO - Connecting to Kafka...Attempt #$0
2021-11-17 21:03:26,210 - basicLogger - INFO - Connecting to Kafka...Attempt #$0
2021-11-17 21:03:26,615 - basicLogger - INFO - Connecting to Kafka...Attempt #$0
2021-11-17 21:03:26,640 - basicLogger - INFO - Connecting to Kafka...Attempt #$0
2021-11-17 21:03:27,053 - basicLogger - INFO - Connecting to Kafka...Attempt #$0
2021-11-17 21:03:27,056 - basicLogger - INFO - Connecting to Kafka...Attempt #$0
2021-11-17 21:03:27,489 - basicLogger - INFO - Connecting to Kafka...Attempt #$0
2021-11-17 21:03:27,495 - basicLogger - INFO - Connecting to Kafka...Attempt #$0
2021-11-17 21:03:27,916 - basicLogger - INFO - Connecting to Kafka...Attempt #$0
2021-11-17 21:03:27,950 - basicLogger - INFO - Connecting to Kafka...Attempt #$0
2021-11-17 21:03:28,354 - basicLogger - INFO - Connecting to Kafka...Attempt #$0
2021-11-17 21:03:28,382 - basicLogger - INFO - Connecting to Kafka...Attempt #$0
2021-11-17 21:03:28,783 - basicLogger - INFO - Connecting to Kafka...Attempt #$0
2021-11-17 21:03:28,818 - basicLogger - INFO - Connecting to Kafka...Attempt #$0
2021-11-17 21:03:29,206 - basicLogger - INFO - Connecting to Kafka...Attempt #$0
2021-11-17 21:03:29,253 - basicLogger - INFO - Connecting to Kafka...Attempt #$0
2021-11-17 21:03:29,627 - basicLogger - INFO - Connecting to Kafka...Attempt #$0
2021-11-17 21:03:29,680 - basicLogger - INFO - Connecting to Kafka...Attempt #$0
2021-11-17 21:03:30,059 - basicLogger - INFO - Connecting to Kafka...Attempt #$0
2021-11-17 21:03:30,105 - basicLogger - INFO - Connecting to Kafka...Attempt #$0
2021-11-17 21:03:30,488 - basicLogger - INFO - Connecting to Kafka...Attempt #$0
2021-11-17 21:03:30,538 - basicLogger - INFO - Connecting to Kafka...Attempt #$0
2021-11-17 21:03:30,926 - basicLogger - INFO - Connecting to Kafka...Attempt #$0
2021-11-17 21:03:30,965 - basicLogger - INFO - Connecting to Kafka...Attempt #$0
2021-11-17 21:03:31,356 - basicLogger - INFO - Connecting to Kafka...Attempt #$0
2021-11-17 21:03:31,396 - basicLogger - INFO - Connecting to Kafka...Attempt #$0
2021-11-17 21:03:31,787 - basicLogger - INFO - Connecting to Kafka...Attempt #$0
2021-11-17 21:03:31,839 - basicLogger - INFO - Connecting to Kafka...Attempt #$0
2021-11-17 21:03:32,211 - basicLogger - INFO - Connecting to Kafka...Attempt #$0
2021-11-17 21:03:32,272 - basicLogger - INFO - Connecting to Kafka...Attempt #$0
2021-11-17 21:03:32,647 - basicLogger - INFO - Connecting to Kafka...Attempt #$0
2021-11-17 21:03:32,708 - basicLogger - INFO - Connecting to Kafka...Attempt #$0
2021-11-17 21:03:33,067 - basicLogger - INFO - Connecting to Kafka...Attempt #$0
2021-11-17 21:03:33,140 - basicLogger - INFO - Connecting to Kafka...Attempt #$0
2021-11-17 21:03:33,494 - basicLogger - INFO - Connecting to Kafka...Attempt #$0
2021-11-17 21:03:33,567 - basicLogger - INFO - Connecting to Kafka...Attempt #$0
2021-11-17 21:03:33,926 - basicLogger - INFO - Connecting to Kafka...Attempt #$0
2021-11-17 21:03:34,015 - basicLogger - INFO - Connecting to Kafka...Attempt #$0
2021-11-17 21:03:34,419 - basicLogger - INFO - Connecting to Kafka...Attempt #$0
2021-11-17 21:03:34,457 - basicLogger - INFO - Connecting to Kafka...Attempt #$0
2021-11-17 21:03:34,854 - basicLogger - INFO - Connecting to Kafka...Attempt #$0
2021-11-17 21:03:34,896 - basicLogger - INFO - Connecting to Kafka...Attempt #$0
2021-11-17 21:03:35,280 - basicLogger - INFO - Connecting to Kafka...Attempt #$0
2021-11-17 21:03:35,325 - basicLogger - INFO - Connecting to Kafka...Attempt #$0
2021-11-17 21:03:35,723 - basicLogger - INFO - Connecting to Kafka...Attempt #$0
2021-11-17 21:03:35,762 - basicLogger - INFO - Connecting to Kafka...Attempt #$0
2021-11-17 21:03:36,156 - basicLogger - INFO - Connecting to Kafka...Attempt #$0
2021-11-17 21:03:36,198 - basicLogger - INFO - Connecting to Kafka...Attempt #$0
2021-11-17 21:03:36,593 - basicLogger - INFO - Connecting to Kafka...Attempt #$0
2021-11-17 21:03:36,631 - basicLogger - INFO - Connecting to Kafka...Attempt #$0
2021-11-17 21:03:37,014 - basicLogger - INFO - Connecting to Kafka...Attempt #$0
2021-11-17 21:03:37,077 - basicLogger - INFO - Connecting to Kafka...Attempt #$0
2021-11-17 21:03:37,446 - basicLogger - INFO - Connecting to Kafka...Attempt #$0
2021-11-17 21:03:37,885 - basicLogger - INFO - Connecting to Kafka...Attempt #$0
2021-11-17 21:03:38,305 - basicLogger - INFO - Connecting to Kafka...Attempt #$0
2021-11-17 21:03:38,742 - basicLogger - INFO - Connecting to Kafka...Attempt #$0
2021-11-17 21:03:39,181 - basicLogger - INFO - Connecting to Kafka...Attempt #$0
2021-11-17 21:03:39,609 - basicLogger - INFO - Connecting to Kafka...Attempt #$0
2021-11-17 21:04:16,040 - basicLogger - INFO - Connecting to Kafka...Attempt #0
2021-11-17 21:04:16,537 - basicLogger - INFO - Connecting to Kafka...Attempt #0
2021-11-17 21:04:16,967 - basicLogger - INFO - Connecting to Kafka...Attempt #0
2021-11-17 21:04:17,401 - basicLogger - INFO - Connecting to Kafka...Attempt #0
2021-11-17 21:04:17,837 - basicLogger - INFO - Connecting to Kafka...Attempt #0
2021-11-17 21:04:17,943 - basicLogger - INFO - Connecting to Kafka...Attempt #0
2021-11-17 21:04:18,263 - basicLogger - INFO - Connecting to Kafka...Attempt #0
2021-11-17 21:04:18,384 - basicLogger - INFO - Connecting to Kafka...Attempt #0
2021-11-17 21:04:18,696 - basicLogger - INFO - Connecting to Kafka...Attempt #0
2021-11-17 21:04:18,814 - basicLogger - INFO - Connecting to Kafka...Attempt #0
2021-11-17 21:04:19,121 - basicLogger - INFO - Connecting to Kafka...Attempt #0
2021-11-17 21:04:19,244 - basicLogger - INFO - Connecting to Kafka...Attempt #0
2021-11-17 21:04:19,558 - basicLogger - INFO - Connecting to Kafka...Attempt #0
2021-11-17 21:04:19,687 - basicLogger - INFO - Connecting to Kafka...Attempt #0
2021-11-17 21:04:19,986 - basicLogger - INFO - Connecting to Kafka...Attempt #0
2021-11-17 21:04:20,103 - basicLogger - INFO - Connecting to Kafka...Attempt #0
2021-11-17 21:04:20,419 - basicLogger - INFO - Connecting to Kafka...Attempt #0
2021-11-17 21:04:20,534 - basicLogger - INFO - Connecting to Kafka...Attempt #0
2021-11-17 21:04:20,854 - basicLogger - INFO - Connecting to Kafka...Attempt #0
2021-11-17 21:04:20,959 - basicLogger - INFO - Connecting to Kafka...Attempt #0
2021-11-17 21:04:21,294 - basicLogger - INFO - Connecting to Kafka...Attempt #0
2021-11-17 21:04:21,387 - basicLogger - INFO - Connecting to Kafka...Attempt #0
2021-11-17 21:04:21,725 - basicLogger - INFO - Connecting to Kafka...Attempt #0
2021-11-17 21:04:21,811 - basicLogger - INFO - Connecting to Kafka...Attempt #0
2021-11-17 21:04:22,150 - basicLogger - INFO - Connecting to Kafka...Attempt #0
2021-11-17 21:04:22,583 - basicLogger - INFO - Connecting to Kafka...Attempt #0
2021-11-17 21:04:23,016 - basicLogger - INFO - Connecting to Kafka...Attempt #0
2021-11-17 21:05:40,087 - basicLogger - INFO - Connecting to Kafka...Attempt #0
2021-11-17 21:05:40,582 - basicLogger - INFO - Connecting to Kafka...Attempt #0
2021-11-17 21:05:41,013 - basicLogger - INFO - Connecting to Kafka...Attempt #0
2021-11-17 21:05:41,443 - basicLogger - INFO - Connecting to Kafka...Attempt #0
2021-11-17 21:05:41,884 - basicLogger - INFO - Connecting to Kafka...Attempt #0
2021-11-17 21:05:42,312 - basicLogger - INFO - Connecting to Kafka...Attempt #0
2021-11-17 21:05:42,747 - basicLogger - INFO - Connecting to Kafka...Attempt #0
2021-11-17 21:05:42,763 - basicLogger - ERROR - Connection to Kafka failed, retrying in 2
2021-11-17 21:05:44,766 - basicLogger - INFO - Connecting to Kafka...Attempt #1
2021-11-17 21:05:45,196 - basicLogger - INFO - Connecting to Kafka...Attempt #1
2021-11-17 21:05:45,639 - basicLogger - INFO - Connecting to Kafka...Attempt #1
2021-11-17 21:05:46,072 - basicLogger - INFO - Connecting to Kafka...Attempt #1
2021-11-17 21:05:46,508 - basicLogger - INFO - Connecting to Kafka...Attempt #1
2021-11-17 21:05:46,947 - basicLogger - INFO - Connecting to Kafka...Attempt #1
2021-11-17 21:05:47,370 - basicLogger - INFO - Connecting to Kafka...Attempt #1
2021-11-17 21:05:47,709 - basicLogger - ERROR - Connection to Kafka failed, retrying in 2
2021-11-17 21:05:49,710 - basicLogger - INFO - Connecting to Kafka...Attempt #2
2021-11-17 21:05:50,142 - basicLogger - INFO - Connecting to Kafka...Attempt #2
2021-11-17 21:05:50,630 - basicLogger - INFO - Connecting to Kafka...Attempt #2
2021-11-17 21:05:51,063 - basicLogger - INFO - Connecting to Kafka...Attempt #2
2021-11-17 21:05:51,499 - basicLogger - INFO - Connecting to Kafka...Attempt #2
2021-11-17 21:05:51,930 - basicLogger - INFO - Connecting to Kafka...Attempt #2
2021-11-17 21:05:52,355 - basicLogger - INFO - Connecting to Kafka...Attempt #2
2021-11-17 21:05:52,789 - basicLogger - INFO - Connecting to Kafka...Attempt #2
2021-11-17 21:05:53,213 - basicLogger - INFO - Connecting to Kafka...Attempt #2
2021-11-17 21:05:53,650 - basicLogger - INFO - Connecting to Kafka...Attempt #2
2021-11-17 21:05:54,076 - basicLogger - INFO - Connecting to Kafka...Attempt #2
2021-11-17 21:05:54,505 - basicLogger - INFO - Connecting to Kafka...Attempt #2
2021-11-17 21:05:54,934 - basicLogger - INFO - Connecting to Kafka...Attempt #2
2021-11-17 21:05:55,353 - basicLogger - INFO - Connecting to Kafka...Attempt #2
2021-11-17 21:05:55,777 - basicLogger - INFO - Connecting to Kafka...Attempt #2
2021-11-17 21:05:56,196 - basicLogger - INFO - Connecting to Kafka...Attempt #2
2021-11-17 21:05:56,622 - basicLogger - INFO - Connecting to Kafka...Attempt #2
2021-11-17 21:05:57,058 - basicLogger - INFO - Connecting to Kafka...Attempt #2
2021-11-17 21:05:57,499 - basicLogger - INFO - Connecting to Kafka...Attempt #2
2021-11-17 21:05:57,930 - basicLogger - INFO - Connecting to Kafka...Attempt #2
2021-11-17 21:05:58,361 - basicLogger - INFO - Connecting to Kafka...Attempt #2
2021-11-17 21:05:58,794 - basicLogger - INFO - Connecting to Kafka...Attempt #2
2021-11-17 21:05:59,188 - basicLogger - ERROR - Connection to Kafka failed, retrying in 2
2021-11-17 21:07:04,737 - basicLogger - INFO - Connecting to Kafka...Attempt #0
2021-11-17 21:07:05,220 - basicLogger - INFO - Connecting to Kafka...Attempt #0
2021-11-17 21:07:05,651 - basicLogger - INFO - Connecting to Kafka...Attempt #0
2021-11-17 21:07:06,090 - basicLogger - INFO - Connecting to Kafka...Attempt #0
2021-11-17 21:07:06,531 - basicLogger - INFO - Connecting to Kafka...Attempt #0
2021-11-17 21:07:06,975 - basicLogger - INFO - Connecting to Kafka...Attempt #0
2021-11-17 21:07:07,429 - basicLogger - INFO - Connecting to Kafka...Attempt #0
2021-11-17 21:07:07,863 - basicLogger - INFO - Connecting to Kafka...Attempt #0
2021-11-17 21:07:08,296 - basicLogger - INFO - Connecting to Kafka...Attempt #0
2021-11-17 21:07:08,732 - basicLogger - INFO - Connecting to Kafka...Attempt #0
2021-11-17 21:07:09,161 - basicLogger - INFO - Connecting to Kafka...Attempt #0
2021-11-17 21:07:09,587 - basicLogger - INFO - Connecting to Kafka...Attempt #0
2021-11-17 21:07:10,018 - basicLogger - INFO - Connecting to Kafka...Attempt #0
2021-11-17 21:07:10,449 - basicLogger - INFO - Connecting to Kafka...Attempt #0
2021-11-17 21:07:10,875 - basicLogger - INFO - Connecting to Kafka...Attempt #0
2021-11-17 21:07:10,916 - basicLogger - ERROR - Connection to Kafka failed, retrying in 2
2021-11-17 21:07:12,918 - basicLogger - INFO - Connecting to Kafka...Attempt #1
2021-11-17 21:07:13,350 - basicLogger - INFO - Connecting to Kafka...Attempt #1
2021-11-17 21:07:13,781 - basicLogger - INFO - Connecting to Kafka...Attempt #1
2021-11-17 21:07:14,133 - basicLogger - ERROR - Connection to Kafka failed, retrying in 2
2021-11-17 21:07:32,344 - basicLogger - INFO - Connecting to Kafka...Attempt #0
2021-11-17 21:07:32,836 - basicLogger - INFO - Connecting to Kafka...Attempt #0
2021-11-17 21:07:33,266 - basicLogger - INFO - Connecting to Kafka...Attempt #0
2021-11-17 21:07:33,704 - basicLogger - INFO - Connecting to Kafka...Attempt #0
2021-11-17 21:07:34,139 - basicLogger - INFO - Connecting to Kafka...Attempt #0
2021-11-17 21:07:34,568 - basicLogger - INFO - Connecting to Kafka...Attempt #0
2021-11-17 21:07:34,997 - basicLogger - INFO - Connecting to Kafka...Attempt #0
2021-11-17 21:07:35,427 - basicLogger - INFO - Connecting to Kafka...Attempt #0
2021-11-17 21:07:35,854 - basicLogger - INFO - Connecting to Kafka...Attempt #0
2021-11-17 21:07:36,283 - basicLogger - INFO - Connecting to Kafka...Attempt #0
2021-11-17 21:07:36,704 - basicLogger - INFO - Connecting to Kafka...Attempt #0
2021-11-17 21:07:37,139 - basicLogger - INFO - Connecting to Kafka...Attempt #0
2021-11-17 21:07:37,566 - basicLogger - INFO - Connecting to Kafka...Attempt #0
2021-11-17 21:07:37,585 - basicLogger - ERROR - Connection to Kafka failed, retrying in 2
2021-11-17 21:08:28,620 - basicLogger - INFO - Connecting to Kafka...Attempt #0
2021-11-17 21:08:29,101 - basicLogger - INFO - Connecting to Kafka...Attempt #0
2021-11-17 21:08:29,540 - basicLogger - INFO - Connecting to Kafka...Attempt #0
2021-11-17 21:08:29,982 - basicLogger - INFO - Connecting to Kafka...Attempt #0
2021-11-17 21:08:30,428 - basicLogger - INFO - Connecting to Kafka...Attempt #0
2021-11-17 21:08:30,860 - basicLogger - INFO - Connecting to Kafka...Attempt #0
2021-11-17 21:08:31,294 - basicLogger - INFO - Connecting to Kafka...Attempt #0
2021-11-17 21:08:31,715 - basicLogger - INFO - Connecting to Kafka...Attempt #0
2021-11-17 21:08:32,144 - basicLogger - INFO - Connecting to Kafka...Attempt #0
2021-11-17 21:08:32,564 - basicLogger - INFO - Connecting to Kafka...Attempt #0
2021-11-17 21:08:32,994 - basicLogger - INFO - Connecting to Kafka...Attempt #0
2021-11-17 21:08:33,436 - basicLogger - INFO - Connecting to Kafka...Attempt #0
2021-11-17 21:08:33,883 - basicLogger - INFO - Connecting to Kafka...Attempt #0
2021-11-17 21:08:34,317 - basicLogger - INFO - Connecting to Kafka...Attempt #0
2021-11-17 21:08:34,733 - basicLogger - INFO - Connecting to Kafka...Attempt #0
2021-11-17 21:08:35,165 - basicLogger - INFO - Connecting to Kafka...Attempt #0
2021-11-17 21:08:35,587 - basicLogger - INFO - Connecting to Kafka...Attempt #0
2021-11-17 21:08:36,028 - basicLogger - INFO - Connecting to Kafka...Attempt #0
2021-11-17 21:08:36,458 - basicLogger - INFO - Connecting to Kafka...Attempt #0
2021-11-17 21:08:36,887 - basicLogger - INFO - Connecting to Kafka...Attempt #0
2021-11-17 21:08:37,321 - basicLogger - INFO - Connecting to Kafka...Attempt #0
2021-11-17 21:08:37,759 - basicLogger - INFO - Connecting to Kafka...Attempt #0
2021-11-17 21:08:38,194 - basicLogger - INFO - Connecting to Kafka...Attempt #0
2021-11-17 21:08:38,640 - basicLogger - INFO - Connecting to Kafka...Attempt #0
2021-11-17 21:08:39,049 - basicLogger - INFO - Connecting to Kafka...Attempt #0
2021-11-17 21:08:39,480 - basicLogger - INFO - Connecting to Kafka...Attempt #0
2021-11-17 21:08:39,908 - basicLogger - INFO - Connecting to Kafka...Attempt #0
2021-11-17 21:08:40,336 - basicLogger - INFO - Connecting to Kafka...Attempt #0
2021-11-17 21:08:40,773 - basicLogger - INFO - Connecting to Kafka...Attempt #0
2021-11-17 21:08:41,223 - basicLogger - INFO - Connecting to Kafka...Attempt #0
2021-11-17 21:08:41,650 - basicLogger - INFO - Connecting to Kafka...Attempt #0
2021-11-17 21:08:42,076 - basicLogger - INFO - Connecting to Kafka...Attempt #0
2021-11-17 21:08:42,508 - basicLogger - INFO - Connecting to Kafka...Attempt #0
2021-11-17 21:08:42,926 - basicLogger - INFO - Connecting to Kafka...Attempt #0
2021-11-17 21:08:43,355 - basicLogger - INFO - Connecting to Kafka...Attempt #0
2021-11-17 21:08:43,788 - basicLogger - INFO - Connecting to Kafka...Attempt #0
2021-11-17 21:08:44,213 - basicLogger - INFO - Connecting to Kafka...Attempt #0
2021-11-17 21:08:44,643 - basicLogger - INFO - Connecting to Kafka...Attempt #0
2021-11-17 21:08:45,074 - basicLogger - INFO - Connecting to Kafka...Attempt #0
2021-11-17 21:08:45,514 - basicLogger - INFO - Connecting to Kafka...Attempt #0
2021-11-17 21:08:45,943 - basicLogger - INFO - Connecting to Kafka...Attempt #0
2021-11-17 21:08:46,362 - basicLogger - INFO - Connecting to Kafka...Attempt #0
2021-11-17 21:08:46,788 - basicLogger - INFO - Connecting to Kafka...Attempt #0
2021-11-17 21:08:47,222 - basicLogger - INFO - Connecting to Kafka...Attempt #0
2021-11-17 21:08:47,655 - basicLogger - INFO - Connecting to Kafka...Attempt #0
2021-11-17 21:08:48,088 - basicLogger - INFO - Connecting to Kafka...Attempt #0
2021-11-17 21:08:48,573 - basicLogger - INFO - Connecting to Kafka...Attempt #0
2021-11-17 21:08:48,996 - basicLogger - INFO - Connecting to Kafka...Attempt #0
2021-11-17 21:08:49,348 - basicLogger - ERROR - Connection to Kafka failed, retrying in 2
2021-11-17 21:08:51,351 - basicLogger - INFO - Connecting to Kafka...Attempt #1
2021-11-17 21:08:51,780 - basicLogger - INFO - Connecting to Kafka...Attempt #1
2021-11-17 21:08:52,223 - basicLogger - INFO - Connecting to Kafka...Attempt #1
2021-11-17 21:08:52,654 - basicLogger - INFO - Connecting to Kafka...Attempt #1
2021-11-17 21:08:53,090 - basicLogger - INFO - Connecting to Kafka...Attempt #1
2021-11-17 21:08:53,513 - basicLogger - INFO - Connecting to Kafka...Attempt #1
2021-11-17 21:08:53,945 - basicLogger - INFO - Connecting to Kafka...Attempt #1
2021-11-17 21:08:54,378 - basicLogger - INFO - Connecting to Kafka...Attempt #1
2021-11-17 21:08:54,804 - basicLogger - INFO - Connecting to Kafka...Attempt #1
2021-11-17 21:08:54,926 - basicLogger - ERROR - Connection to Kafka failed, retrying in 2
2021-11-17 21:08:56,928 - basicLogger - INFO - Connecting to Kafka...Attempt #2
2021-11-17 21:08:57,362 - basicLogger - INFO - Connecting to Kafka...Attempt #2
2021-11-17 21:08:57,797 - basicLogger - INFO - Connecting to Kafka...Attempt #2
2021-11-17 21:08:58,237 - basicLogger - INFO - Connecting to Kafka...Attempt #2
2021-11-17 21:08:58,733 - basicLogger - INFO - Connecting to Kafka...Attempt #2
2021-11-17 21:08:59,162 - basicLogger - INFO - Connecting to Kafka...Attempt #2
2021-11-17 21:08:59,593 - basicLogger - INFO - Connecting to Kafka...Attempt #2
2021-11-17 21:09:00,011 - basicLogger - INFO - Connecting to Kafka...Attempt #2
2021-11-17 21:09:00,442 - basicLogger - INFO - Connecting to Kafka...Attempt #2
2021-11-17 21:09:00,874 - basicLogger - INFO - Connecting to Kafka...Attempt #2
2021-11-17 21:09:01,300 - basicLogger - INFO - Connecting to Kafka...Attempt #2
2021-11-17 21:09:01,718 - basicLogger - ERROR - Connection to Kafka failed, retrying in 2
2021-11-17 21:09:09,851 - basicLogger - INFO - Connecting to Kafka...Attempt #0
2021-11-17 21:09:10,328 - basicLogger - INFO - Connecting to Kafka...Attempt #0
2021-11-17 21:09:10,754 - basicLogger - INFO - Connecting to Kafka...Attempt #0
2021-11-17 21:09:11,187 - basicLogger - INFO - Connecting to Kafka...Attempt #0
2021-11-17 21:09:11,616 - basicLogger - INFO - Connecting to Kafka...Attempt #0
2021-11-17 21:09:12,047 - basicLogger - INFO - Connecting to Kafka...Attempt #0
2021-11-17 21:09:12,491 - basicLogger - INFO - Connecting to Kafka...Attempt #0
2021-11-17 21:09:12,922 - basicLogger - INFO - Connecting to Kafka...Attempt #0
2021-11-17 21:09:13,359 - basicLogger - INFO - Connecting to Kafka...Attempt #0
2021-11-17 21:09:13,803 - basicLogger - INFO - Connecting to Kafka...Attempt #0
2021-11-17 21:09:14,236 - basicLogger - INFO - Connecting to Kafka...Attempt #0
2021-11-17 21:09:14,673 - basicLogger - INFO - Connecting to Kafka...Attempt #0
2021-11-17 21:09:15,099 - basicLogger - INFO - Connecting to Kafka...Attempt #0
2021-11-17 21:09:15,530 - basicLogger - INFO - Connecting to Kafka...Attempt #0
2021-11-17 21:09:15,954 - basicLogger - INFO - Connecting to Kafka...Attempt #0
2021-11-17 21:09:16,388 - basicLogger - INFO - Connecting to Kafka...Attempt #0
2021-11-17 21:09:16,814 - basicLogger - INFO - Connecting to Kafka...Attempt #0
2021-11-17 21:09:17,247 - basicLogger - INFO - Connecting to Kafka...Attempt #0
2021-11-17 21:09:17,667 - basicLogger - INFO - Connecting to Kafka...Attempt #0
2021-11-17 21:09:18,103 - basicLogger - INFO - Connecting to Kafka...Attempt #0
2021-11-17 21:09:18,521 - basicLogger - INFO - Connecting to Kafka...Attempt #0
2021-11-17 21:09:18,942 - basicLogger - INFO - Connecting to Kafka...Attempt #0
2021-11-17 21:09:19,430 - basicLogger - INFO - Connecting to Kafka...Attempt #0
2021-11-17 21:09:19,858 - basicLogger - INFO - Connecting to Kafka...Attempt #0
2021-11-17 21:09:20,294 - basicLogger - INFO - Connecting to Kafka...Attempt #0
2021-11-17 21:09:20,715 - basicLogger - INFO - Connecting to Kafka...Attempt #0
2021-11-17 21:09:21,150 - basicLogger - INFO - Connecting to Kafka...Attempt #0
2021-11-17 21:09:21,581 - basicLogger - INFO - Connecting to Kafka...Attempt #0
2021-11-17 21:09:22,008 - basicLogger - INFO - Connecting to Kafka...Attempt #0
2021-11-17 21:09:22,435 - basicLogger - INFO - Connecting to Kafka...Attempt #0
2021-11-17 21:09:22,864 - basicLogger - INFO - Connecting to Kafka...Attempt #0
2021-11-17 21:09:23,283 - basicLogger - INFO - Connecting to Kafka...Attempt #0
2021-11-17 21:09:23,716 - basicLogger - INFO - Connecting to Kafka...Attempt #0
2021-11-17 21:09:24,144 - basicLogger - INFO - Connecting to Kafka...Attempt #0
2021-11-17 21:09:24,563 - basicLogger - INFO - Connecting to Kafka...Attempt #0
2021-11-17 21:09:24,988 - basicLogger - INFO - Connecting to Kafka...Attempt #0
2021-11-17 21:09:25,406 - basicLogger - INFO - Connecting to Kafka...Attempt #0
2021-11-17 21:09:25,844 - basicLogger - INFO - Connecting to Kafka...Attempt #0
2021-11-17 21:09:26,274 - basicLogger - INFO - Connecting to Kafka...Attempt #0
2021-11-17 21:09:26,700 - basicLogger - INFO - Connecting to Kafka...Attempt #0
2021-11-17 21:09:27,133 - basicLogger - INFO - Connecting to Kafka...Attempt #0
2021-11-17 21:09:27,560 - basicLogger - INFO - Connecting to Kafka...Attempt #0
2021-11-17 21:09:27,996 - basicLogger - INFO - Connecting to Kafka...Attempt #0
2021-11-17 21:09:28,482 - basicLogger - INFO - Connecting to Kafka...Attempt #0
2021-11-17 21:09:28,894 - basicLogger - INFO - Connecting to Kafka...Attempt #0
2021-11-17 21:09:29,393 - basicLogger - INFO - Connecting to Kafka...Attempt #0
2021-11-17 21:09:29,812 - basicLogger - INFO - Connecting to Kafka...Attempt #0
2021-11-17 21:09:30,043 - basicLogger - ERROR - Connection to Kafka failed, retrying in 2
2021-11-17 21:09:32,045 - basicLogger - INFO - Connecting to Kafka...Attempt #1
2021-11-17 21:09:32,470 - basicLogger - INFO - Connecting to Kafka...Attempt #1
2021-11-17 21:09:32,911 - basicLogger - INFO - Connecting to Kafka...Attempt #1
2021-11-17 21:09:33,348 - basicLogger - INFO - Connecting to Kafka...Attempt #1
2021-11-17 21:09:33,770 - basicLogger - INFO - Connecting to Kafka...Attempt #1
2021-11-17 21:09:34,208 - basicLogger - INFO - Connecting to Kafka...Attempt #1
2021-11-17 21:09:34,629 - basicLogger - INFO - Connecting to Kafka...Attempt #1
2021-11-17 21:09:35,061 - basicLogger - INFO - Connecting to Kafka...Attempt #1
2021-11-17 21:09:35,487 - basicLogger - INFO - Connecting to Kafka...Attempt #1
2021-11-17 21:09:35,922 - basicLogger - INFO - Connecting to Kafka...Attempt #1
2021-11-17 21:09:36,350 - basicLogger - INFO - Connecting to Kafka...Attempt #1
2021-11-17 21:09:36,785 - basicLogger - INFO - Connecting to Kafka...Attempt #1
2021-11-17 21:09:37,222 - basicLogger - INFO - Connecting to Kafka...Attempt #1
2021-11-17 21:09:37,650 - basicLogger - INFO - Connecting to Kafka...Attempt #1
2021-11-17 21:09:38,074 - basicLogger - INFO - Connecting to Kafka...Attempt #1
2021-11-17 21:09:38,500 - basicLogger - INFO - Connecting to Kafka...Attempt #1
2021-11-17 21:09:38,937 - basicLogger - INFO - Connecting to Kafka...Attempt #1
2021-11-17 21:09:39,084 - basicLogger - ERROR - Connection to Kafka failed, retrying in 2
2021-11-17 21:09:41,086 - basicLogger - INFO - Connecting to Kafka...Attempt #2
2021-11-17 21:09:41,336 - basicLogger - ERROR - Connection to Kafka failed, retrying in 2
2021-11-17 21:11:24,224 - basicLogger - INFO - Connecting to Kafka...Attempt #0
2021-11-17 21:11:24,816 - basicLogger - INFO - Connecting to Kafka...Attempt #0
2021-11-17 21:11:27,014 - basicLogger - INFO - Connecting to Kafka...Attempt #0
2021-11-17 21:11:27,521 - basicLogger - INFO - Connecting to Kafka...Attempt #0
2021-11-17 21:13:28,457 - basicLogger - INFO - Connecting to Kafka...Attempt #0
2021-11-17 21:13:28,995 - basicLogger - INFO - Connecting to Kafka...Attempt #0
2021-11-17 21:13:31,311 - basicLogger - INFO - Connecting to Kafka...Attempt #0
2021-11-17 21:13:31,792 - basicLogger - INFO - Connecting to Kafka...Attempt #0
2021-11-17 21:34:53,364 - basicLogger - INFO - Connecting to Kafka...Attempt #0
2021-11-17 21:34:55,323 - basicLogger - INFO - Connecting to Kafka...Attempt #0
2021-11-17 21:36:42,497 - basicLogger - INFO - Connecting to Kafka...Attempt #0
2021-11-17 21:36:44,308 - basicLogger - INFO - Connecting to Kafka...Attempt #0
2021-11-17 21:37:49,770 - basicLogger - INFO - Connecting to kafka...Attempt #0
2021-11-17 21:37:50,251 - basicLogger - INFO - Connected to kafka...Attempt #0 
2021-11-17 21:37:51,571 - basicLogger - INFO - Connecting to kafka...Attempt #0
2021-11-17 21:37:52,005 - basicLogger - INFO - Connected to kafka...Attempt #0 
